<?xml version="1.0" encoding="UTF-8"?>
<testng-results skipped="0" failed="0" total="1" passed="1">
  <reporter-output>
  </reporter-output>
  <suite name="TestSuite" duration-ms="23482" started-at="2022-06-15T11:47:36Z" finished-at="2022-06-15T11:47:59Z">
    <groups>
    </groups>
    <test name="Test" duration-ms="23482" started-at="2022-06-15T11:47:36Z" finished-at="2022-06-15T11:47:59Z">
      <class name="pk_OrangeHRM.OrangeHRM_Login">
        <test-method status="PASS" signature="Login_Verification()[pri:0, instance:pk_OrangeHRM.OrangeHRM_Login@5a61f5df]" name="Login_Verification" duration-ms="23448" started-at="2022-06-15T17:17:36Z" finished-at="2022-06-15T17:17:59Z">
          <reporter-output>
          </reporter-output>
        </test-method> <!-- Login_Verification -->
      </class> <!-- pk_OrangeHRM.OrangeHRM_Login -->
    </test> <!-- Test -->
  </suite> <!-- TestSuite -->
</testng-results>
