<?xml version="1.0" encoding="UTF-8"?>
<testng-results skipped="0" failed="0" ignored="0" total="1" passed="1">
  <reporter-output>
  </reporter-output>
  <suite name="TestSuite" duration-ms="22277" started-at="2022-06-15T09:37:57Z" finished-at="2022-06-15T09:38:19Z">
    <groups>
    </groups>
    <test name="Test" duration-ms="22277" started-at="2022-06-15T09:37:57Z" finished-at="2022-06-15T09:38:19Z">
      <class name="pk_OrangeHRM.OrangeHRM_Login">
        <test-method status="PASS" signature="Login_Verification()[pri:0, instance:pk_OrangeHRM.OrangeHRM_Login@dc24521]" name="Login_Verification" duration-ms="22220" started-at="2022-06-15T15:07:57Z" finished-at="2022-06-15T15:08:19Z">
          <reporter-output>
          </reporter-output>
        </test-method> <!-- Login_Verification -->
      </class> <!-- pk_OrangeHRM.OrangeHRM_Login -->
    </test> <!-- Test -->
  </suite> <!-- TestSuite -->
</testng-results>
